<?xml version="1.0" encoding="UTF-8"?>
<testsuite xmlns:xsi="http://www.w3.org/2001/XMLSchema-instance" xsi:noNamespaceSchemaLocation="https://maven.apache.org/surefire/maven-surefire-plugin/xsd/surefire-test-report.xsd" name="runner.TestRunner" time="79.873" tests="12" errors="0" skipped="0" failures="0">
  <properties>
[...]
</properties>
  <testcase name="Login with valid credential" classname="User Login" time="8.234"/>
  <testcase name="Login with invalid credentials" classname="User Login" time="6.9"/>
  <testcase name="Login with valid email and invalid password" classname="User Login" time="7.307"/>
  <testcase name="Login with invalid email and valid password" classname="User Login" time="6.109"/>
  <testcase name="Login without providing any credentails" classname="User Login" time="5.8"/>
  <testcase name="User creates an account only with mandatory fields" classname="Registration functionality" time="6.338"/>
  <testcase name="User creates an account with all fields" classname="Registration functionality" time="6.108"/>
  <testcase name="User creates a duplicate account" classname="Registration functionality" time="7.222"/>
  <testcase name="User creates an account without filling any details" classname="Registration functionality" time="6.574"/>
  <testcase name="User searches for a valid product" classname="Search functionality" time="6.009"/>
  <testcase name="User searches for an invalid product" classname="Search functionality" time="4.557"/>
  <testcase name="User searches without any product" classname="Search functionality" time="5.117"/>
</testsuite>